<?xml version="1.0" encoding="UTF-8"?>
<testng-results ignored="0" total="1" passed="1" failed="0" skipped="0">
  <reporter-output>
  </reporter-output>
  <suite started-at="2023-02-22T18:12:42 IST" name="Suite" finished-at="2023-02-22T18:12:57 IST" duration-ms="14761">
    <groups>
    </groups>
    <test started-at="2023-02-22T18:12:42 IST" name="Test" finished-at="2023-02-22T18:12:57 IST" duration-ms="14761">
      <class name="com.numadic.test.Test">
        <test-method is-config="true" signature="beforeClass()[pri:0, instance:com.numadic.test.Test@52b1beb6]" started-at="2023-02-22T18:12:42 IST" name="beforeClass" finished-at="2023-02-22T18:12:46 IST" duration-ms="3420" status="PASS">
          <reporter-output>
          </reporter-output>
        </test-method> <!-- beforeClass -->
        <test-method signature="purchaseTest()[pri:0, instance:com.numadic.test.Test@52b1beb6]" started-at="2023-02-22T18:12:46 IST" name="purchaseTest" finished-at="2023-02-22T18:12:57 IST" duration-ms="11280" status="PASS">
          <reporter-output>
          </reporter-output>
        </test-method> <!-- purchaseTest -->
        <test-method is-config="true" signature="after(org.testng.ITestResult)[pri:0, instance:com.numadic.test.Test@52b1beb6]" started-at="2023-02-22T18:12:57 IST" name="after" finished-at="2023-02-22T18:12:57 IST" duration-ms="2" status="PASS">
          <params>
            <param index="0">
              <value>
                <![CDATA[[TestResult name=purchaseTest status=SUCCESS method=Test.purchaseTest()[pri:0, instance:com.numadic.test.Test@52b1beb6] output={null}]]]>
              </value>
            </param>
          </params>
          <reporter-output>
          </reporter-output>
        </test-method> <!-- after -->
        <test-method is-config="true" signature="afterClass()[pri:0, instance:com.numadic.test.Test@52b1beb6]" started-at="2023-02-22T18:12:57 IST" name="afterClass" finished-at="2023-02-22T18:12:57 IST" duration-ms="1" status="PASS">
          <reporter-output>
          </reporter-output>
        </test-method> <!-- afterClass -->
      </class> <!-- com.numadic.test.Test -->
    </test> <!-- Test -->
  </suite> <!-- Suite -->
</testng-results>
